This is pdfTeX, Version 3.14159265-2.6-1.40.16 (TeX Live 2015) (preloaded format=pdflatex 2015.9.4)  17 DEC 2015 15:52
entering extended mode
 restricted \write18 enabled.
 %&-line parsing enabled.
**finalReport.tex
(./finalReport.tex
LaTeX2e <2015/01/01>
Babel <3.9l> and hyphenation patterns for 79 languages loaded.
(/Users/doutre/Library/texmf/tex/latex/lncs/llncs.cls
Document Class: llncs 2014/03/31 v2.19 
 LaTeX document class for Lecture Notes in Computer Science
(/usr/local/texlive/2015/texmf-dist/tex/latex/base/article.cls
Document Class: article 2014/09/29 v1.4h Standard LaTeX document class
(/usr/local/texlive/2015/texmf-dist/tex/latex/base/size10.clo
File: size10.clo 2014/09/29 v1.4h Standard LaTeX file (size option)
)
\c@part=\count79
\c@section=\count80
\c@subsection=\count81
\c@subsubsection=\count82
\c@paragraph=\count83
\c@subparagraph=\count84
\c@figure=\count85
\c@table=\count86
\abovecaptionskip=\skip41
\belowcaptionskip=\skip42
\bibindent=\dimen102
)
(/usr/local/texlive/2015/texmf-dist/tex/latex/tools/multicol.sty
Package: multicol 2015/03/31 v1.8m multicolumn formatting (FMi)
\c@tracingmulticols=\count87
\mult@box=\box26
\multicol@leftmargin=\dimen103
\c@unbalance=\count88
\c@collectmore=\count89
\doublecol@number=\count90
\multicoltolerance=\count91
\multicolpretolerance=\count92
\full@width=\dimen104
\page@free=\dimen105
\premulticols=\dimen106
\postmulticols=\dimen107
\multicolsep=\skip43
\multicolbaselineskip=\skip44
\partial@page=\box27
\last@line=\box28
\maxbalancingoverflow=\dimen108
\mult@rightbox=\box29
\mult@grightbox=\box30
\mult@gfirstbox=\box31
\mult@firstbox=\box32
\@tempa=\box33
\@tempa=\box34
\@tempa=\box35
\@tempa=\box36
\@tempa=\box37
\@tempa=\box38
\@tempa=\box39
\@tempa=\box40
\@tempa=\box41
\@tempa=\box42
\@tempa=\box43
\@tempa=\box44
\@tempa=\box45
\@tempa=\box46
\@tempa=\box47
\@tempa=\box48
\@tempa=\box49
\c@columnbadness=\count93
\c@finalcolumnbadness=\count94
\last@try=\dimen109
\multicolovershoot=\dimen110
\multicolundershoot=\dimen111
\mult@nat@firstbox=\box50
\colbreak@box=\box51
\mc@col@check@num=\count95
)
(/Users/doutre/Library/texmf/tex/latex/lncs/aliascnt.sty
Package: aliascnt 2009/09/08 v1.3 Alias counter (HO)

(/Users/doutre/Library/texmf/tex/latex/lncs/remreset.sty))
\c@chapter=\count96
LaTeX Font Info:    Redeclaring math symbol \Gamma on input line 362.
LaTeX Font Info:    Redeclaring math symbol \Delta on input line 363.
LaTeX Font Info:    Redeclaring math symbol \Theta on input line 364.
LaTeX Font Info:    Redeclaring math symbol \Lambda on input line 365.
LaTeX Font Info:    Redeclaring math symbol \Xi on input line 366.
LaTeX Font Info:    Redeclaring math symbol \Pi on input line 367.
LaTeX Font Info:    Redeclaring math symbol \Sigma on input line 368.
LaTeX Font Info:    Redeclaring math symbol \Upsilon on input line 369.
LaTeX Font Info:    Redeclaring math symbol \Phi on input line 370.
LaTeX Font Info:    Redeclaring math symbol \Psi on input line 371.
LaTeX Font Info:    Redeclaring math symbol \Omega on input line 372.
\tocchpnum=\dimen112
\tocsecnum=\dimen113
\tocsectotal=\dimen114
\tocsubsecnum=\dimen115
\tocsubsectotal=\dimen116
\tocsubsubsecnum=\dimen117
\tocsubsubsectotal=\dimen118
\tocparanum=\dimen119
\tocparatotal=\dimen120
\tocsubparanum=\dimen121
\@tempcntc=\count97
\fnindent=\dimen122
\c@@inst=\count98
\c@@auth=\count99
\c@auco=\count100
\instindent=\dimen123
\authrun=\box52
\authorrunning=\toks14
\tocauthor=\toks15
\titrun=\box53
\titlerunning=\toks16
\toctitle=\toks17
\c@theorem=\count101
\c@case=\count102
\c@conjecture=\count103
\c@corollary=\count104
\c@definition=\count105
\c@example=\count106
\c@exercise=\count107
\c@lemma=\count108
\c@note=\count109
\c@problem=\count110
\c@property=\count111
\c@proposition=\count112
\c@question=\count113
\c@solution=\count114
\c@remark=\count115
\headlineindent=\dimen124
)
(/usr/local/texlive/2015/texmf-dist/tex/latex/graphics/graphicx.sty
Package: graphicx 2014/10/28 v1.0g Enhanced LaTeX Graphics (DPC,SPQR)

(/usr/local/texlive/2015/texmf-dist/tex/latex/graphics/keyval.sty
Package: keyval 2014/10/28 v1.15 key=value parser (DPC)
\KV@toks@=\toks18
)
(/usr/local/texlive/2015/texmf-dist/tex/latex/graphics/graphics.sty
Package: graphics 2014/10/28 v1.0p Standard LaTeX Graphics (DPC,SPQR)

(/usr/local/texlive/2015/texmf-dist/tex/latex/graphics/trig.sty
Package: trig 1999/03/16 v1.09 sin cos tan (DPC)
)
(/usr/local/texlive/2015/texmf-dist/tex/latex/latexconfig/graphics.cfg
File: graphics.cfg 2010/04/23 v1.9 graphics configuration of TeX Live
)
Package graphics Info: Driver file: pdftex.def on input line 94.

(/usr/local/texlive/2015/texmf-dist/tex/latex/pdftex-def/pdftex.def
File: pdftex.def 2011/05/27 v0.06d Graphics/color for pdfTeX

(/usr/local/texlive/2015/texmf-dist/tex/generic/oberdiek/infwarerr.sty
Package: infwarerr 2010/04/08 v1.3 Providing info/warning/error messages (HO)
)
(/usr/local/texlive/2015/texmf-dist/tex/generic/oberdiek/ltxcmds.sty
Package: ltxcmds 2011/11/09 v1.22 LaTeX kernel commands for general use (HO)
)
\Gread@gobject=\count116
))
\Gin@req@height=\dimen125
\Gin@req@width=\dimen126
)
(/usr/local/texlive/2015/texmf-dist/tex/latex/graphics/color.sty
Package: color 2014/10/28 v1.1a Standard LaTeX Color (DPC)

(/usr/local/texlive/2015/texmf-dist/tex/latex/latexconfig/color.cfg
File: color.cfg 2007/01/18 v1.5 color configuration of teTeX/TeXLive
)
Package color Info: Driver file: pdftex.def on input line 142.
)
(/usr/local/texlive/2015/texmf-dist/tex/latex/framed/framed.sty
Package: framed 2011/10/22 v 0.96: framed or shaded text with page breaks
\OuterFrameSep=\skip45
\fb@frw=\dimen127
\fb@frh=\dimen128
\FrameRule=\dimen129
\FrameSep=\dimen130
)
(/usr/local/texlive/2015/texmf-dist/tex/latex/base/alltt.sty
Package: alltt 1997/06/16 v2.0g defines alltt environment
)
(/usr/local/texlive/2015/texmf-dist/tex/latex/listings/listings.sty
\lst@mode=\count117
\lst@gtempboxa=\box54
\lst@token=\toks19
\lst@length=\count118
\lst@currlwidth=\dimen131
\lst@column=\count119
\lst@pos=\count120
\lst@lostspace=\dimen132
\lst@width=\dimen133
\lst@newlines=\count121
\lst@lineno=\count122
\lst@maxwidth=\dimen134

(/usr/local/texlive/2015/texmf-dist/tex/latex/listings/lstmisc.sty
File: lstmisc.sty 2014/09/06 1.5e (Carsten Heinz)
\c@lstnumber=\count123
\lst@skipnumbers=\count124
\lst@framebox=\box55
)
(/usr/local/texlive/2015/texmf-dist/tex/latex/listings/listings.cfg
File: listings.cfg 2014/09/06 1.5e listings configuration
))
Package: listings 2014/09/06 1.5e (Carsten Heinz)

(/usr/local/texlive/2015/texmf-dist/tex/latex/moreverb/moreverb.sty
Package: moreverb 2008/06/03 v2.3a `more' verbatim facilities

(/usr/local/texlive/2015/texmf-dist/tex/latex/tools/verbatim.sty
Package: verbatim 2014/10/28 v1.5q LaTeX2e package for verbatim enhancements
\every@verbatim=\toks20
\verbatim@line=\toks21
\verbatim@in@stream=\read1
)
\tab@position=\count125
\tab@size=\count126
\listing@line=\count127
)
(/usr/local/texlive/2015/texmf-dist/tex/latex/inconsolata/inconsolata.sty
Package: inconsolata 2014/06/22 v1.05

`inconsolata-zi4' v1.05, 2014/06/22 Text macros for Inconsolata (msharpe)
(/usr/local/texlive/2015/texmf-dist/tex/latex/base/textcomp.sty
Package: textcomp 2005/09/27 v1.99g Standard LaTeX package
Package textcomp Info: Sub-encoding information:
(textcomp)               5 = only ISO-Adobe without \textcurrency
(textcomp)               4 = 5 + \texteuro
(textcomp)               3 = 4 + \textohm
(textcomp)               2 = 3 + \textestimated + \textcurrency
(textcomp)               1 = TS1 - \textcircled - \t
(textcomp)               0 = TS1 (full)
(textcomp)             Font families with sub-encoding setting implement
(textcomp)             only a restricted character set as indicated.
(textcomp)             Family '?' is the default used for unknown fonts.
(textcomp)             See the documentation for details.
Package textcomp Info: Setting ? sub-encoding to TS1/1 on input line 79.

(/usr/local/texlive/2015/texmf-dist/tex/latex/base/ts1enc.def
File: ts1enc.def 2001/06/05 v3.0e (jk/car/fm) Standard LaTeX file
)
LaTeX Info: Redefining \oldstylenums on input line 334.
Package textcomp Info: Setting cmr sub-encoding to TS1/0 on input line 349.
Package textcomp Info: Setting cmss sub-encoding to TS1/0 on input line 350.
Package textcomp Info: Setting cmtt sub-encoding to TS1/0 on input line 351.
Package textcomp Info: Setting cmvtt sub-encoding to TS1/0 on input line 352.
Package textcomp Info: Setting cmbr sub-encoding to TS1/0 on input line 353.
Package textcomp Info: Setting cmtl sub-encoding to TS1/0 on input line 354.
Package textcomp Info: Setting ccr sub-encoding to TS1/0 on input line 355.
Package textcomp Info: Setting ptm sub-encoding to TS1/4 on input line 356.
Package textcomp Info: Setting pcr sub-encoding to TS1/4 on input line 357.
Package textcomp Info: Setting phv sub-encoding to TS1/4 on input line 358.
Package textcomp Info: Setting ppl sub-encoding to TS1/3 on input line 359.
Package textcomp Info: Setting pag sub-encoding to TS1/4 on input line 360.
Package textcomp Info: Setting pbk sub-encoding to TS1/4 on input line 361.
Package textcomp Info: Setting pnc sub-encoding to TS1/4 on input line 362.
Package textcomp Info: Setting pzc sub-encoding to TS1/4 on input line 363.
Package textcomp Info: Setting bch sub-encoding to TS1/4 on input line 364.
Package textcomp Info: Setting put sub-encoding to TS1/5 on input line 365.
Package textcomp Info: Setting uag sub-encoding to TS1/5 on input line 366.
Package textcomp Info: Setting ugq sub-encoding to TS1/5 on input line 367.
Package textcomp Info: Setting ul8 sub-encoding to TS1/4 on input line 368.
Package textcomp Info: Setting ul9 sub-encoding to TS1/4 on input line 369.
Package textcomp Info: Setting augie sub-encoding to TS1/5 on input line 370.
Package textcomp Info: Setting dayrom sub-encoding to TS1/3 on input line 371.
Package textcomp Info: Setting dayroms sub-encoding to TS1/3 on input line 372.

Package textcomp Info: Setting pxr sub-encoding to TS1/0 on input line 373.
Package textcomp Info: Setting pxss sub-encoding to TS1/0 on input line 374.
Package textcomp Info: Setting pxtt sub-encoding to TS1/0 on input line 375.
Package textcomp Info: Setting txr sub-encoding to TS1/0 on input line 376.
Package textcomp Info: Setting txss sub-encoding to TS1/0 on input line 377.
Package textcomp Info: Setting txtt sub-encoding to TS1/0 on input line 378.
Package textcomp Info: Setting lmr sub-encoding to TS1/0 on input line 379.
Package textcomp Info: Setting lmdh sub-encoding to TS1/0 on input line 380.
Package textcomp Info: Setting lmss sub-encoding to TS1/0 on input line 381.
Package textcomp Info: Setting lmssq sub-encoding to TS1/0 on input line 382.
Package textcomp Info: Setting lmvtt sub-encoding to TS1/0 on input line 383.
Package textcomp Info: Setting lmtt sub-encoding to TS1/0 on input line 384.
Package textcomp Info: Setting qhv sub-encoding to TS1/0 on input line 385.
Package textcomp Info: Setting qag sub-encoding to TS1/0 on input line 386.
Package textcomp Info: Setting qbk sub-encoding to TS1/0 on input line 387.
Package textcomp Info: Setting qcr sub-encoding to TS1/0 on input line 388.
Package textcomp Info: Setting qcs sub-encoding to TS1/0 on input line 389.
Package textcomp Info: Setting qpl sub-encoding to TS1/0 on input line 390.
Package textcomp Info: Setting qtm sub-encoding to TS1/0 on input line 391.
Package textcomp Info: Setting qzc sub-encoding to TS1/0 on input line 392.
Package textcomp Info: Setting qhvc sub-encoding to TS1/0 on input line 393.
Package textcomp Info: Setting futs sub-encoding to TS1/4 on input line 394.
Package textcomp Info: Setting futx sub-encoding to TS1/4 on input line 395.
Package textcomp Info: Setting futj sub-encoding to TS1/4 on input line 396.
Package textcomp Info: Setting hlh sub-encoding to TS1/3 on input line 397.
Package textcomp Info: Setting hls sub-encoding to TS1/3 on input line 398.
Package textcomp Info: Setting hlst sub-encoding to TS1/3 on input line 399.
Package textcomp Info: Setting hlct sub-encoding to TS1/5 on input line 400.
Package textcomp Info: Setting hlx sub-encoding to TS1/5 on input line 401.
Package textcomp Info: Setting hlce sub-encoding to TS1/5 on input line 402.
Package textcomp Info: Setting hlcn sub-encoding to TS1/5 on input line 403.
Package textcomp Info: Setting hlcw sub-encoding to TS1/5 on input line 404.
Package textcomp Info: Setting hlcf sub-encoding to TS1/5 on input line 405.
Package textcomp Info: Setting pplx sub-encoding to TS1/3 on input line 406.
Package textcomp Info: Setting pplj sub-encoding to TS1/3 on input line 407.
Package textcomp Info: Setting ptmx sub-encoding to TS1/4 on input line 408.
Package textcomp Info: Setting ptmj sub-encoding to TS1/4 on input line 409.
)
\zifour@ocount=\count128
)
(/usr/local/texlive/2015/texmf-dist/tex/latex/amsmath/amsmath.sty
Package: amsmath 2013/01/14 v2.14 AMS math features
\@mathmargin=\skip46

For additional information on amsmath, use the `?' option.
(/usr/local/texlive/2015/texmf-dist/tex/latex/amsmath/amstext.sty
Package: amstext 2000/06/29 v2.01

(/usr/local/texlive/2015/texmf-dist/tex/latex/amsmath/amsgen.sty
File: amsgen.sty 1999/11/30 v2.0
\@emptytoks=\toks22
\ex@=\dimen135
))
(/usr/local/texlive/2015/texmf-dist/tex/latex/amsmath/amsbsy.sty
Package: amsbsy 1999/11/29 v1.2d
\pmbraise@=\dimen136
)
(/usr/local/texlive/2015/texmf-dist/tex/latex/amsmath/amsopn.sty
Package: amsopn 1999/12/14 v2.01 operator names
)
\inf@bad=\count129
LaTeX Info: Redefining \frac on input line 210.
\uproot@=\count130
\leftroot@=\count131
LaTeX Info: Redefining \overline on input line 306.
\classnum@=\count132
\DOTSCASE@=\count133
LaTeX Info: Redefining \ldots on input line 378.
LaTeX Info: Redefining \dots on input line 381.
LaTeX Info: Redefining \cdots on input line 466.
\Mathstrutbox@=\box56
\strutbox@=\box57
\big@size=\dimen137
LaTeX Font Info:    Redeclaring font encoding OML on input line 566.
LaTeX Font Info:    Redeclaring font encoding OMS on input line 567.


Package amsmath Warning: Unable to redefine math accent \vec.

\macc@depth=\count134
\c@MaxMatrixCols=\count135
\dotsspace@=\muskip10
\c@parentequation=\count136
\dspbrk@lvl=\count137
\tag@help=\toks23
\row@=\count138
\column@=\count139
\maxfields@=\count140
\andhelp@=\toks24
\eqnshift@=\dimen138
\alignsep@=\dimen139
\tagshift@=\dimen140
\tagwidth@=\dimen141
\totwidth@=\dimen142
\lineht@=\dimen143
\@envbody=\toks25
\multlinegap=\skip47
\multlinetaggap=\skip48
\mathdisplay@stack=\toks26
LaTeX Info: Redefining \[ on input line 2665.
LaTeX Info: Redefining \] on input line 2666.
) (/usr/local/texlive/2015/texmf-dist/tex/latex/stmaryrd/stmaryrd.sty
Package: stmaryrd 1994/03/03 St Mary's Road symbol package
\symstmry=\mathgroup4
LaTeX Font Info:    Overwriting symbol font `stmry' in version `bold'
(Font)                  U/stmry/m/n --> U/stmry/b/n on input line 89.
)
(/usr/local/texlive/2015/texmf-dist/tex/latex/bbm-macros/bbm.sty
Package: bbm 1999/03/15 V 1.2 provides fonts for set symbols - TH
LaTeX Font Info:    Overwriting math alphabet `\mathbbm' in version `bold'
(Font)                  U/bbm/m/n --> U/bbm/bx/n on input line 33.
LaTeX Font Info:    Overwriting math alphabet `\mathbbmss' in version `bold'
(Font)                  U/bbmss/m/n --> U/bbmss/bx/n on input line 35.
)
(/usr/local/texlive/2015/texmf-dist/tex/latex/upquote/upquote.sty
Package: upquote 2012/04/19 v1.3 upright-quote and grave-accent glyphs in verba
tim
)
(./finalReport.aux)
\openout1 = `finalReport.aux'.

LaTeX Font Info:    Checking defaults for OML/cmm/m/it on input line 61.
LaTeX Font Info:    ... okay on input line 61.
LaTeX Font Info:    Checking defaults for T1/cmr/m/n on input line 61.
LaTeX Font Info:    ... okay on input line 61.
LaTeX Font Info:    Checking defaults for OT1/cmr/m/n on input line 61.
LaTeX Font Info:    ... okay on input line 61.
LaTeX Font Info:    Checking defaults for OMS/cmsy/m/n on input line 61.
LaTeX Font Info:    ... okay on input line 61.
LaTeX Font Info:    Checking defaults for OMX/cmex/m/n on input line 61.
LaTeX Font Info:    ... okay on input line 61.
LaTeX Font Info:    Checking defaults for U/cmr/m/n on input line 61.
LaTeX Font Info:    ... okay on input line 61.
LaTeX Font Info:    Checking defaults for TS1/cmr/m/n on input line 61.
LaTeX Font Info:    Try loading font information for TS1+cmr on input line 61.

(/usr/local/texlive/2015/texmf-dist/tex/latex/base/ts1cmr.fd
File: ts1cmr.fd 2014/09/29 v2.5h Standard LaTeX font definitions
)
LaTeX Font Info:    ... okay on input line 61.

(/usr/local/texlive/2015/texmf-dist/tex/context/base/supp-pdf.mkii
[Loading MPS to PDF converter (version 2006.09.02).]
\scratchcounter=\count141
\scratchdimen=\dimen144
\scratchbox=\box58
\nofMPsegments=\count142
\nofMParguments=\count143
\everyMPshowfont=\toks27
\MPscratchCnt=\count144
\MPscratchDim=\dimen145
\MPnumerator=\count145
\makeMPintoPDFobject=\count146
\everyMPtoPDFconversion=\toks28
) (/usr/local/texlive/2015/texmf-dist/tex/generic/oberdiek/pdftexcmds.sty
Package: pdftexcmds 2011/11/29 v0.20 Utility functions of pdfTeX for LuaTeX (HO
)

(/usr/local/texlive/2015/texmf-dist/tex/generic/oberdiek/ifluatex.sty
Package: ifluatex 2010/03/01 v1.3 Provides the ifluatex switch (HO)
Package ifluatex Info: LuaTeX not detected.
)
(/usr/local/texlive/2015/texmf-dist/tex/generic/oberdiek/ifpdf.sty
Package: ifpdf 2011/01/30 v2.3 Provides the ifpdf switch (HO)
Package ifpdf Info: pdfTeX in PDF mode is detected.
)
Package pdftexcmds Info: LuaTeX not detected.
Package pdftexcmds Info: \pdf@primitive is available.
Package pdftexcmds Info: \pdf@ifprimitive is available.
Package pdftexcmds Info: \pdfdraftmode found.
)
(/usr/local/texlive/2015/texmf-dist/tex/latex/oberdiek/epstopdf-base.sty
Package: epstopdf-base 2010/02/09 v2.5 Base part for package epstopdf

(/usr/local/texlive/2015/texmf-dist/tex/latex/oberdiek/grfext.sty
Package: grfext 2010/08/19 v1.1 Manage graphics extensions (HO)

(/usr/local/texlive/2015/texmf-dist/tex/generic/oberdiek/kvdefinekeys.sty
Package: kvdefinekeys 2011/04/07 v1.3 Define keys (HO)
))
(/usr/local/texlive/2015/texmf-dist/tex/latex/oberdiek/kvoptions.sty
Package: kvoptions 2011/06/30 v3.11 Key value format for package options (HO)

(/usr/local/texlive/2015/texmf-dist/tex/generic/oberdiek/kvsetkeys.sty
Package: kvsetkeys 2012/04/25 v1.16 Key value parser (HO)

(/usr/local/texlive/2015/texmf-dist/tex/generic/oberdiek/etexcmds.sty
Package: etexcmds 2011/02/16 v1.5 Avoid name clashes with e-TeX commands (HO)
Package etexcmds Info: Could not find \expanded.
(etexcmds)             That can mean that you are not using pdfTeX 1.50 or
(etexcmds)             that some package has redefined \expanded.
(etexcmds)             In the latter case, load this package earlier.
)))
Package grfext Info: Graphics extension search list:
(grfext)             [.png,.pdf,.jpg,.mps,.jpeg,.jbig2,.jb2,.PNG,.PDF,.JPG,.JPE
G,.JBIG2,.JB2,.eps]
(grfext)             \AppendGraphicsExtensions on input line 452.

(/usr/local/texlive/2015/texmf-dist/tex/latex/latexconfig/epstopdf-sys.cfg
File: epstopdf-sys.cfg 2010/07/13 v1.3 Configuration of (r)epstopdf for TeX Liv
e
))
\c@lstlisting=\count147
LaTeX Font Info:    Try loading font information for U+stmry on input line 70.

(/usr/local/texlive/2015/texmf-dist/tex/latex/stmaryrd/Ustmry.fd) [1

{/usr/local/texlive/2015/texmf-var/fonts/map/pdftex/updmap/pdftex.map}]
Package color Info: Redefining color shadecolor on input line 85.
LaTeX Font Info:    Try loading font information for OT1+zi4 on input line 88.

(/usr/local/texlive/2015/texmf-dist/tex/latex/inconsolata/ot1zi4.fd
File: ot1zi4.fd 2014/06/22 OT1/zi4 (Inconsolata)
)

LaTeX Font Warning: Font shape `OT1/zi4/m/it' undefined
(Font)              using `OT1/zi4/m/n' instead on input line 88.

<figure/Rt-1.pdf, id=11, 505.89pt x 505.89pt>
File: figure/Rt-1.pdf Graphic file (type pdf)
 <use figure/Rt-1.pdf>
Package pdftex.def Info: figure/Rt-1.pdf used on input line 93.
(pdftex.def)             Requested size: 347.12354pt x 347.12694pt.

Overfull \hbox (15.0pt too wide) in paragraph at lines 93--94
[][] 
 []

[2] <figure/Rt-2.pdf, id=16, 505.89pt x 505.89pt>
File: figure/Rt-2.pdf Graphic file (type pdf)
 <use figure/Rt-2.pdf>
Package pdftex.def Info: figure/Rt-2.pdf used on input line 103.
(pdftex.def)             Requested size: 347.12354pt x 347.12694pt.

Overfull \hbox (15.0pt too wide) in paragraph at lines 103--104
[][] 
 []


Underfull \vbox (badness 10000) has occurred while \output is active []

 [3 <./figure/Rt-1.pdf>] <figure/Rt-3.pdf, id=26, 505.89pt x 505.89pt>
File: figure/Rt-3.pdf Graphic file (type pdf)

<use figure/Rt-3.pdf>
Package pdftex.def Info: figure/Rt-3.pdf used on input line 113.
(pdftex.def)             Requested size: 347.12354pt x 347.12694pt.

Overfull \hbox (15.0pt too wide) in paragraph at lines 113--114
[][] 
 []


Underfull \vbox (badness 10000) has occurred while \output is active []

 [4 <./figure/Rt-2.pdf>] <figure/Rt-4.pdf, id=36, 505.89pt x 505.89pt>
File: figure/Rt-4.pdf Graphic file (type pdf)

<use figure/Rt-4.pdf>
Package pdftex.def Info: figure/Rt-4.pdf used on input line 123.
(pdftex.def)             Requested size: 347.12354pt x 347.12694pt.

Overfull \hbox (15.0pt too wide) in paragraph at lines 123--124
[][] 
 []


Underfull \vbox (badness 10000) has occurred while \output is active []

 [5 <./figure/Rt-3.pdf>] <figure/Rt-5.pdf, id=46, 505.89pt x 505.89pt>
File: figure/Rt-5.pdf Graphic file (type pdf)

<use figure/Rt-5.pdf>
Package pdftex.def Info: figure/Rt-5.pdf used on input line 133.
(pdftex.def)             Requested size: 347.12354pt x 347.12694pt.

Overfull \hbox (15.0pt too wide) in paragraph at lines 133--134
[][] 
 []


Underfull \vbox (badness 10000) has occurred while \output is active []

 [6 <./figure/Rt-4.pdf>] <figure/Rt-6.pdf, id=56, 505.89pt x 505.89pt>
File: figure/Rt-6.pdf Graphic file (type pdf)

<use figure/Rt-6.pdf>
Package pdftex.def Info: figure/Rt-6.pdf used on input line 143.
(pdftex.def)             Requested size: 347.12354pt x 347.12694pt.

Overfull \hbox (15.0pt too wide) in paragraph at lines 143--144
[][] 
 []


Underfull \vbox (badness 10000) has occurred while \output is active []

 [7 <./figure/Rt-5.pdf>] <figure/Rt-7.pdf, id=67, 505.89pt x 505.89pt>
File: figure/Rt-7.pdf Graphic file (type pdf)

<use figure/Rt-7.pdf>
Package pdftex.def Info: figure/Rt-7.pdf used on input line 153.
(pdftex.def)             Requested size: 347.12354pt x 347.12694pt.

Overfull \hbox (15.0pt too wide) in paragraph at lines 153--154
[][] 
 []


Underfull \vbox (badness 10000) has occurred while \output is active []

 [8 <./figure/Rt-6.pdf>] <figure/Rt-8.pdf, id=77, 505.89pt x 505.89pt>
File: figure/Rt-8.pdf Graphic file (type pdf)

<use figure/Rt-8.pdf>
Package pdftex.def Info: figure/Rt-8.pdf used on input line 163.
(pdftex.def)             Requested size: 347.12354pt x 347.12694pt.

Overfull \hbox (15.0pt too wide) in paragraph at lines 163--164
[][] 
 []


Underfull \vbox (badness 10000) has occurred while \output is active []

 [9 <./figure/Rt-7.pdf>] <figure/Rt-9.pdf, id=87, 505.89pt x 505.89pt>
File: figure/Rt-9.pdf Graphic file (type pdf)

<use figure/Rt-9.pdf>
Package pdftex.def Info: figure/Rt-9.pdf used on input line 173.
(pdftex.def)             Requested size: 347.12354pt x 347.12694pt.

Overfull \hbox (15.0pt too wide) in paragraph at lines 173--174
[][] 
 []


Underfull \vbox (badness 10000) has occurred while \output is active []

 [10 <./figure/Rt-8.pdf>] <figure/Rt-10.pdf, id=97, 505.89pt x 505.89pt>
File: figure/Rt-10.pdf Graphic file (type pdf)

<use figure/Rt-10.pdf>
Package pdftex.def Info: figure/Rt-10.pdf used on input line 183.
(pdftex.def)             Requested size: 347.12354pt x 347.12694pt.

Overfull \hbox (15.0pt too wide) in paragraph at lines 183--184
[][] 
 []


Underfull \vbox (badness 10000) has occurred while \output is active []

 [11 <./figure/Rt-9.pdf>] <figure/Rt-11.pdf, id=107, 505.89pt x 505.89pt>
File: figure/Rt-11.pdf Graphic file (type pdf)

<use figure/Rt-11.pdf>
Package pdftex.def Info: figure/Rt-11.pdf used on input line 193.
(pdftex.def)             Requested size: 347.12354pt x 347.12694pt.

Overfull \hbox (15.0pt too wide) in paragraph at lines 193--194
[][] 
 []


Underfull \vbox (badness 10000) has occurred while \output is active []

 [12 <./figure/Rt-10.pdf>] <figure/Rt-12.pdf, id=117, 505.89pt x 505.89pt>
File: figure/Rt-12.pdf Graphic file (type pdf)

<use figure/Rt-12.pdf>
Package pdftex.def Info: figure/Rt-12.pdf used on input line 203.
(pdftex.def)             Requested size: 347.12354pt x 347.12694pt.

Overfull \hbox (15.0pt too wide) in paragraph at lines 203--204
[][] 
 []


Underfull \vbox (badness 10000) has occurred while \output is active []

 [13 <./figure/Rt-11.pdf>] <figure/Rt-13.pdf, id=128, 505.89pt x 505.89pt>
File: figure/Rt-13.pdf Graphic file (type pdf)

<use figure/Rt-13.pdf>
Package pdftex.def Info: figure/Rt-13.pdf used on input line 213.
(pdftex.def)             Requested size: 347.12354pt x 347.12694pt.

Overfull \hbox (15.0pt too wide) in paragraph at lines 213--214
[][] 
 []


Underfull \vbox (badness 10000) has occurred while \output is active []

 [14 <./figure/Rt-12.pdf>] <figure/Rt-14.pdf, id=138, 505.89pt x 505.89pt>
File: figure/Rt-14.pdf Graphic file (type pdf)

<use figure/Rt-14.pdf>
Package pdftex.def Info: figure/Rt-14.pdf used on input line 223.
(pdftex.def)             Requested size: 347.12354pt x 347.12694pt.

Overfull \hbox (15.0pt too wide) in paragraph at lines 223--224
[][] 
 []


Underfull \vbox (badness 10000) has occurred while \output is active []

 [15 <./figure/Rt-13.pdf>] <figure/Rt-15.pdf, id=148, 505.89pt x 505.89pt>
File: figure/Rt-15.pdf Graphic file (type pdf)

<use figure/Rt-15.pdf>
Package pdftex.def Info: figure/Rt-15.pdf used on input line 233.
(pdftex.def)             Requested size: 347.12354pt x 347.12694pt.

Overfull \hbox (15.0pt too wide) in paragraph at lines 233--234
[][] 
 []


Underfull \vbox (badness 10000) has occurred while \output is active []

 [16 <./figure/Rt-14.pdf>] <figure/Rt-16.pdf, id=159, 505.89pt x 505.89pt>
File: figure/Rt-16.pdf Graphic file (type pdf)

<use figure/Rt-16.pdf>
Package pdftex.def Info: figure/Rt-16.pdf used on input line 243.
(pdftex.def)             Requested size: 347.12354pt x 347.12694pt.

Overfull \hbox (15.0pt too wide) in paragraph at lines 243--244
[][] 
 []


Underfull \vbox (badness 10000) has occurred while \output is active []

 [17 <./figure/Rt-15.pdf>] <figure/Rt-17.pdf, id=169, 505.89pt x 505.89pt>
File: figure/Rt-17.pdf Graphic file (type pdf)

<use figure/Rt-17.pdf>
Package pdftex.def Info: figure/Rt-17.pdf used on input line 263.
(pdftex.def)             Requested size: 347.12354pt x 347.12694pt.

Overfull \hbox (15.0pt too wide) in paragraph at lines 263--264
[][] 
 []

[18 <./figure/Rt-16.pdf>] <figure/Rt-18.pdf, id=179, 505.89pt x 505.89pt>
File: figure/Rt-18.pdf Graphic file (type pdf)

<use figure/Rt-18.pdf>
Package pdftex.def Info: figure/Rt-18.pdf used on input line 268.
(pdftex.def)             Requested size: 347.12354pt x 347.12694pt.

Overfull \hbox (15.0pt too wide) in paragraph at lines 268--269
[][] 
 []


Underfull \vbox (badness 10000) has occurred while \output is active []

 [19 <./figure/Rt-17.pdf>] <figure/Rt-19.pdf, id=190, 505.89pt x 505.89pt>
File: figure/Rt-19.pdf Graphic file (type pdf)

<use figure/Rt-19.pdf>
Package pdftex.def Info: figure/Rt-19.pdf used on input line 278.
(pdftex.def)             Requested size: 347.12354pt x 347.12694pt.

Overfull \hbox (15.0pt too wide) in paragraph at lines 278--279
[][] 
 []


Underfull \vbox (badness 10000) has occurred while \output is active []

 [20 <./figure/Rt-18.pdf>] <figure/Rt-20.pdf, id=200, 505.89pt x 505.89pt>
File: figure/Rt-20.pdf Graphic file (type pdf)

<use figure/Rt-20.pdf>
Package pdftex.def Info: figure/Rt-20.pdf used on input line 288.
(pdftex.def)             Requested size: 347.12354pt x 347.12694pt.

Overfull \hbox (15.0pt too wide) in paragraph at lines 288--289
[][] 
 []


Underfull \vbox (badness 10000) has occurred while \output is active []

 [21 <./figure/Rt-19.pdf>] <figure/Rt-21.pdf, id=210, 505.89pt x 505.89pt>
File: figure/Rt-21.pdf Graphic file (type pdf)

<use figure/Rt-21.pdf>
Package pdftex.def Info: figure/Rt-21.pdf used on input line 308.
(pdftex.def)             Requested size: 347.12354pt x 347.12694pt.

Overfull \hbox (15.0pt too wide) in paragraph at lines 308--309
[][] 
 []

[22 <./figure/Rt-20.pdf>] <figure/Rt-22.pdf, id=220, 505.89pt x 505.89pt>
File: figure/Rt-22.pdf Graphic file (type pdf)

<use figure/Rt-22.pdf>
Package pdftex.def Info: figure/Rt-22.pdf used on input line 313.
(pdftex.def)             Requested size: 347.12354pt x 347.12694pt.

Overfull \hbox (15.0pt too wide) in paragraph at lines 313--314
[][] 
 []


Underfull \vbox (badness 10000) has occurred while \output is active []

 [23 <./figure/Rt-21.pdf>] <figure/Rt-23.pdf, id=230, 505.89pt x 505.89pt>
File: figure/Rt-23.pdf Graphic file (type pdf)

<use figure/Rt-23.pdf>
Package pdftex.def Info: figure/Rt-23.pdf used on input line 333.
(pdftex.def)             Requested size: 347.12354pt x 347.12694pt.

Overfull \hbox (15.0pt too wide) in paragraph at lines 333--334
[][] 
 []

[24 <./figure/Rt-22.pdf>] <figure/Rt-24.pdf, id=240, 505.89pt x 505.89pt>
File: figure/Rt-24.pdf Graphic file (type pdf)

<use figure/Rt-24.pdf>
Package pdftex.def Info: figure/Rt-24.pdf used on input line 338.
(pdftex.def)             Requested size: 347.12354pt x 347.12694pt.

Overfull \hbox (15.0pt too wide) in paragraph at lines 338--339
[][] 
 []


Underfull \vbox (badness 10000) has occurred while \output is active []

 [25 <./figure/Rt-23.pdf>]
LaTeX Font Info:    Try loading font information for TS1+zi4 on input line 346.


(/usr/local/texlive/2015/texmf-dist/tex/latex/inconsolata/ts1zi4.fd
File: ts1zi4.fd 2014/06/22 Fontinst v1.933 font definitions for TS1/zi4.
) [26 <./figure/Rt-24.pdf>]
Underfull \hbox (badness 10000) in paragraph at lines 359--361

 []


Underfull \hbox (badness 10000) in paragraph at lines 364--365

 []


Overfull \hbox (222.87646pt too wide) in paragraph at lines 369--369
[]\OT1/zi4/m/n/10 max_x: the maximum search limit for x, if the mode is shifted
 beyond this limit, the user should define this parameter[] 
 []


Overfull \hbox (148.87646pt too wide) in paragraph at lines 370--370
[]\OT1/zi4/m/n/10 min_step: the minimum step allowed in the adaptive-step searc
h algorithm, if the variance is extremely[] 
 []


Overfull \hbox (9.87646pt too wide) in paragraph at lines 372--372
[]\OT1/zi4/m/n/10 relax_factor: the relaxation factor in the adaptive-step sear
ch algorithm[] 
 []


Underfull \hbox (badness 10000) in paragraph at lines 375--377

 []


Overfull \hbox (64.87646pt too wide) in paragraph at lines 378--378
[]\OT1/zi4/m/n/10 abscissae(h,domain,x1 = NULL,xk =NULL,x0=0,nmesh=5,min_step=0
.001,relax_factor=5)\\[] 
 []


Underfull \hbox (badness 10000) in paragraph at lines 380--381

 []


Overfull \hbox (80.87646pt too wide) in paragraph at lines 383--383
[]\OT1/zi4/m/n/10 domain: the domain of the density function, for bounded, unbo
unded and one-sided bounded[] 
 []


Overfull \hbox (109.87646pt too wide) in paragraph at lines 387--387
[]\OT1/zi4/m/n/10 x0: an initial point for searching for suitable x1 and xk. If
 provided by the user based on the[] 
 []


Overfull \hbox (23.87646pt too wide) in paragraph at lines 388--388
[]\OT1/zi4/m/n/10 knowledge of the density function, then it would be faster to
 find x1 and xk.[] 
 []

[27]
Underfull \hbox (badness 10000) in paragraph at lines 394--398

 []


Underfull \hbox (badness 10000) in paragraph at lines 404--410

 []


Underfull \hbox (badness 10000) in paragraph at lines 411--413

 []


Underfull \hbox (badness 10000) in paragraph at lines 416--419

 []

[28]
Underfull \hbox (badness 10000) in paragraph at lines 429--435

 []


Underfull \hbox (badness 10000) in paragraph at lines 436--440

 []


Underfull \hbox (badness 10000) in paragraph at lines 446--450

 []

[29]
Underfull \hbox (badness 10000) in paragraph at lines 456--462

 []

[30] (./finalReport.aux)

LaTeX Font Warning: Some font shapes were not available, defaults substituted.

 ) 
Here is how much of TeX's memory you used:
 4700 strings out of 493089
 66681 string characters out of 6134843
 158964 words of memory out of 5000000
 8076 multiletter control sequences out of 15000+600000
 7014 words of font info for 27 fonts, out of 8000000 for 9000
 1141 hyphenation exceptions out of 8191
 38i,5n,32p,1041b,1159s stack positions out of 5000i,500n,10000p,200000b,80000s
{/usr/local/texlive/2015/texmf-dist/fonts/enc/dvips/inconsolata/i4-ts1.enc}{/
usr/local/texlive/2015/texmf-dist/fonts/enc/dvips/inconsolata/i4-ot1-0.enc}</us
r/local/texlive/2015/texmf-dist/fonts/type1/public/inconsolata/Inconsolata-zi4r
.pfb></usr/local/texlive/2015/texmf-dist/fonts/type1/public/amsfonts/cm/cmbx10.
pfb></usr/local/texlive/2015/texmf-dist/fonts/type1/public/amsfonts/cm/cmbx12.p
fb></usr/local/texlive/2015/texmf-dist/fonts/type1/public/amsfonts/cm/cmmi10.pf
b></usr/local/texlive/2015/texmf-dist/fonts/type1/public/amsfonts/cm/cmmi7.pfb>
</usr/local/texlive/2015/texmf-dist/fonts/type1/public/amsfonts/cm/cmr10.pfb></
usr/local/texlive/2015/texmf-dist/fonts/type1/public/amsfonts/cm/cmr9.pfb></usr
/local/texlive/2015/texmf-dist/fonts/type1/public/amsfonts/cm/cmsy7.pfb>
Output written on finalReport.pdf (30 pages, 1189541 bytes).
PDF statistics:
 306 PDF objects out of 1000 (max. 8388607)
 215 compressed objects within 3 object streams
 0 named destinations out of 1000 (max. 500000)
 121 words of extra memory for PDF output out of 10000 (max. 10000000)

