* using log directory ‘/Users/pcho/src/ars1/ars.Rcheck’
* using R version 3.2.2 (2015-08-14)
* using platform: x86_64-apple-darwin13.4.0 (64-bit)
* using session charset: UTF-8
* checking for file ‘ars/DESCRIPTION’ ... OK
* this is package ‘ars’ version ‘1.0’
* checking package namespace information ... OK
* checking package dependencies ... OK
* checking if this is a source package ... OK
* checking if there is a namespace ... OK
* checking for executable files ... OK
* checking for hidden files and directories ... OK
* checking for portable file names ... OK
* checking for sufficient/correct file permissions ... OK
* checking whether package ‘ars’ can be installed ... OK
* checking installed package size ... OK
* checking package directory ... OK
* checking DESCRIPTION meta-information ... NOTE
Malformed Description field: should contain one or more complete sentences.
* checking top-level files ... OK
* checking for left-over files ... OK
* checking index information ... OK
* checking package subdirectories ... OK
* checking R files for non-ASCII characters ... OK
* checking R files for syntax errors ... OK
* checking whether the package can be loaded ... OK
* checking whether the package can be loaded with stated dependencies ... OK
* checking whether the package can be unloaded cleanly ... OK
* checking whether the namespace can be loaded with stated dependencies ... OK
* checking whether the namespace can be unloaded cleanly ... OK
* checking dependencies in R code ... OK
* checking S3 generic/method consistency ... OK
* checking replacement functions ... OK
* checking foreign function calls ... OK
* checking R code for possible problems ... OK
* checking Rd files ... OK
* checking Rd metadata ... OK
* checking Rd cross-references ... OK
* checking for missing documentation entries ... OK
* checking for code/documentation mismatches ... OK
* checking Rd \usage sections ... OK
* checking Rd contents ... OK
* checking for unstated dependencies in examples ... OK
* checking examples ... ERROR
Running examples in ‘ars-Ex.R’ failed
The error occurred in:


R version 3.2.2 (2015-08-14) -- "Fire Safety"
Copyright (C) 2015 The R Foundation for Statistical Computing
Platform: x86_64-apple-darwin13.4.0 (64-bit)

R is free software and comes with ABSOLUTELY NO WARRANTY.
You are welcome to redistribute it under certain conditions.
Type 'license()' or 'licence()' for distribution details.

  Natural language support but running in an English locale

R is a collaborative project with many contributors.
Type 'contributors()' for more information and
'citation()' on how to cite R or R packages in publications.

Type 'demo()' for some demos, 'help()' for on-line help, or
'help.start()' for an HTML browser interface to help.
Type 'q()' to quit R.

> pkgname <- "ars"
> source(file.path(R.home("share"), "R", "examples-header.R"))
> options(warn = 1)
> library('ars')

Attaching package: ‘ars’

The following object is masked from ‘package:base’:

    search

> 
> base::assign(".oldSearch", base::search(), pos = 'CheckExEnv')
> cleanEx()
Error in search() : argument "domain" is missing, with no default
Calls: cleanEx -> search
Execution halted
* checking for unstated dependencies in ‘tests’ ... OK
* checking tests ... ERROR
Running the tests in ‘tests/testthat.R’ failed.
Last 13 lines of output:
  ------------
  Computing test:  chisq(7)
  Result:
  D =  0.005874544 
  p-value =  0.8804457 
  ------------testthat results ================================================================
  OK: 6 SKIPPED: 0 FAILED: 3
  1. Failure (at test-log_concavity.R#12): detect non-log-concave function 
  2. Failure (at test-log_concavity.R#23): detect non-log-concave function 
  3. Failure: Gamma(shape=4) 
  
  Error: testthat unit tests failed
  Execution halted
* checking PDF version of manual ... WARNING
LaTeX errors when creating PDF version.
This typically indicates Rd problems.
LaTeX errors found:
! LaTeX Error: File `inconsolata.sty' not found.

Type X to quit or <RETURN> to proceed,
or enter new name. (Default extension: sty)

! Emergency stop.
<read *> 
         
l.276 ^^M
         
!  ==> Fatal error occurred, no output PDF file produced!
* checking PDF version of manual without hyperrefs or index ... OK
* DONE
Status: 2 ERRORs, 1 WARNING, 1 NOTE
