Hmm ... looks like a package
This is pdfTeX, Version 3.14159265-2.6-1.40.16 (TeX Live 2015) (preloaded format=pdflatex)
 restricted \write18 enabled.
entering extended mode
(./Rd2.tex
LaTeX2e <2015/01/01>
Babel <3.9l> and hyphenation patterns for 21 languages loaded.

(/usr/local/texlive/2015basic/texmf-dist/tex/latex/base/book.cls
Document Class: book 2014/09/29 v1.4h Standard LaTeX document class
(/usr/local/texlive/2015basic/texmf-dist/tex/latex/base/bk10.clo))
(/Library/Frameworks/R.framework/Resources/share/texmf/tex/latex/Rd.sty
(/usr/local/texlive/2015basic/texmf-dist/tex/latex/base/ifthen.sty)
(/usr/local/texlive/2015basic/texmf-dist/tex/latex/tools/longtable.sty)
(/usr/local/texlive/2015basic/texmf-dist/tex/latex/tools/bm.sty)
(/usr/local/texlive/2015basic/texmf-dist/tex/latex/base/alltt.sty)
(/usr/local/texlive/2015basic/texmf-dist/tex/latex/tools/verbatim.sty)
(/usr/local/texlive/2015basic/texmf-dist/tex/latex/url/url.sty)
(/usr/local/texlive/2015basic/texmf-dist/tex/latex/base/textcomp.sty
(/usr/local/texlive/2015basic/texmf-dist/tex/latex/base/ts1enc.def))
(/usr/local/texlive/2015basic/texmf-dist/tex/latex/base/fontenc.sty
(/usr/local/texlive/2015basic/texmf-dist/tex/latex/base/t1enc.def))
(/usr/local/texlive/2015basic/texmf-dist/tex/latex/psnfss/times.sty))
(/usr/local/texlive/2015basic/texmf-dist/tex/latex/base/inputenc.sty
(/usr/local/texlive/2015basic/texmf-dist/tex/latex/base/utf8.def
(/usr/local/texlive/2015basic/texmf-dist/tex/latex/base/t1enc.dfu)
(/usr/local/texlive/2015basic/texmf-dist/tex/latex/base/ot1enc.dfu)
(/usr/local/texlive/2015basic/texmf-dist/tex/latex/base/omsenc.dfu)
(/usr/local/texlive/2015basic/texmf-dist/tex/latex/base/ts1enc.dfu))
(/usr/local/texlive/2015basic/texmf-dist/tex/latex/base/latin1.def))
No file Rd2.aux.
(/usr/local/texlive/2015basic/texmf-dist/tex/latex/base/ts1cmr.fd)
(/usr/local/texlive/2015basic/texmf-dist/tex/latex/psnfss/t1ptm.fd)
(/usr/local/texlive/2015basic/texmf-dist/tex/latex/psnfss/t1pcr.fd)
(/usr/local/texlive/2015basic/texmf-dist/tex/latex/psnfss/t1phv.fd)
No file Rd2.toc.
(/usr/local/texlive/2015basic/texmf-dist/tex/latex/base/utf8.def)
Overfull \hbox (90.78088pt too wide) in paragraph at lines 37--37
 []\T1/pcr/m/n/10 abscissae(h,domain,x1 = NULL,xk =NULL,x0=0,nmesh=5,min_step=0
.001,relax_factor=5)[] 
[1{/usr/local/texlive/2015basic/texmf-var/fonts/map/pdftex/updmap/pdftex.map}]
(/usr/local/texlive/2015basic/texmf-dist/tex/latex/base/utf8.def) [2]
(/usr/local/texlive/2015basic/texmf-dist/tex/latex/base/utf8.def)
(/usr/local/texlive/2015basic/texmf-dist/tex/latex/base/utf8.def) [3]
(/usr/local/texlive/2015basic/texmf-dist/tex/latex/base/utf8.def)
(/usr/local/texlive/2015basic/texmf-dist/tex/latex/base/utf8.def)
(/usr/local/texlive/2015basic/texmf-dist/tex/latex/base/utf8.def) [4]
(/usr/local/texlive/2015basic/texmf-dist/tex/latex/base/utf8.def)
(/usr/local/texlive/2015basic/texmf-dist/tex/latex/base/utf8.def) [5]
(/usr/local/texlive/2015basic/texmf-dist/tex/latex/base/utf8.def)
(/usr/local/texlive/2015basic/texmf-dist/tex/latex/base/utf8.def) [6]
(./Rd2.aux) )
(see the transcript file for additional information){/usr/local/texlive/2015bas
ic/texmf-dist/fonts/enc/dvips/base/8r.enc}</usr/local/texlive/2015basic/texmf-d
ist/fonts/type1/urw/courier/ucrr8a.pfb></usr/local/texlive/2015basic/texmf-dist
/fonts/type1/urw/helvetic/uhvr8a.pfb></usr/local/texlive/2015basic/texmf-dist/f
onts/type1/urw/times/utmb8a.pfb></usr/local/texlive/2015basic/texmf-dist/fonts/
type1/urw/times/utmr8a.pfb></usr/local/texlive/2015basic/texmf-dist/fonts/type1
/urw/times/utmr8a.pfb></usr/local/texlive/2015basic/texmf-dist/fonts/type1/urw/
times/utmri8a.pfb>
Output written on Rd2.pdf (6 pages, 73231 bytes).
Transcript written on Rd2.log.
This is pdfTeX, Version 3.14159265-2.6-1.40.16 (TeX Live 2015) (preloaded format=pdflatex)
 restricted \write18 enabled.
entering extended mode
(./Rd2.tex
LaTeX2e <2015/01/01>
Babel <3.9l> and hyphenation patterns for 21 languages loaded.

(/usr/local/texlive/2015basic/texmf-dist/tex/latex/base/book.cls
Document Class: book 2014/09/29 v1.4h Standard LaTeX document class
(/usr/local/texlive/2015basic/texmf-dist/tex/latex/base/bk10.clo))
(/Library/Frameworks/R.framework/Resources/share/texmf/tex/latex/Rd.sty
(/usr/local/texlive/2015basic/texmf-dist/tex/latex/base/ifthen.sty)
(/usr/local/texlive/2015basic/texmf-dist/tex/latex/tools/longtable.sty)
(/usr/local/texlive/2015basic/texmf-dist/tex/latex/tools/bm.sty)
(/usr/local/texlive/2015basic/texmf-dist/tex/latex/base/alltt.sty)
(/usr/local/texlive/2015basic/texmf-dist/tex/latex/tools/verbatim.sty)
(/usr/local/texlive/2015basic/texmf-dist/tex/latex/url/url.sty)
(/usr/local/texlive/2015basic/texmf-dist/tex/latex/base/textcomp.sty
(/usr/local/texlive/2015basic/texmf-dist/tex/latex/base/ts1enc.def))
(/usr/local/texlive/2015basic/texmf-dist/tex/latex/base/fontenc.sty
(/usr/local/texlive/2015basic/texmf-dist/tex/latex/base/t1enc.def))
(/usr/local/texlive/2015basic/texmf-dist/tex/latex/psnfss/times.sty))
(/usr/local/texlive/2015basic/texmf-dist/tex/latex/base/inputenc.sty
(/usr/local/texlive/2015basic/texmf-dist/tex/latex/base/utf8.def
(/usr/local/texlive/2015basic/texmf-dist/tex/latex/base/t1enc.dfu)
(/usr/local/texlive/2015basic/texmf-dist/tex/latex/base/ot1enc.dfu)
(/usr/local/texlive/2015basic/texmf-dist/tex/latex/base/omsenc.dfu)
(/usr/local/texlive/2015basic/texmf-dist/tex/latex/base/ts1enc.dfu))
(/usr/local/texlive/2015basic/texmf-dist/tex/latex/base/latin1.def)) (./Rd2.aux
) (/usr/local/texlive/2015basic/texmf-dist/tex/latex/base/ts1cmr.fd)
(/usr/local/texlive/2015basic/texmf-dist/tex/latex/psnfss/t1ptm.fd)
(/usr/local/texlive/2015basic/texmf-dist/tex/latex/psnfss/t1pcr.fd)
(/usr/local/texlive/2015basic/texmf-dist/tex/latex/psnfss/t1phv.fd) (./Rd2.toc)
(/usr/local/texlive/2015basic/texmf-dist/tex/latex/base/utf8.def)
Overfull \hbox (90.78088pt too wide) in paragraph at lines 37--37
 []\T1/pcr/m/n/10 abscissae(h,domain,x1 = NULL,xk =NULL,x0=0,nmesh=5,min_step=0
.001,relax_factor=5)[] 
[1{/usr/local/texlive/2015basic/texmf-var/fonts/map/pdftex/updmap/pdftex.map}]
(/usr/local/texlive/2015basic/texmf-dist/tex/latex/base/utf8.def) [2]
(/usr/local/texlive/2015basic/texmf-dist/tex/latex/base/utf8.def)
(/usr/local/texlive/2015basic/texmf-dist/tex/latex/base/utf8.def) [3]
(/usr/local/texlive/2015basic/texmf-dist/tex/latex/base/utf8.def)
(/usr/local/texlive/2015basic/texmf-dist/tex/latex/base/utf8.def) [4]
(/usr/local/texlive/2015basic/texmf-dist/tex/latex/base/utf8.def)
(/usr/local/texlive/2015basic/texmf-dist/tex/latex/base/utf8.def) [5]
(/usr/local/texlive/2015basic/texmf-dist/tex/latex/base/utf8.def)
(/usr/local/texlive/2015basic/texmf-dist/tex/latex/base/utf8.def) [6]
(/usr/local/texlive/2015basic/texmf-dist/tex/latex/base/utf8.def) [7]
(./Rd2.aux) )
(see the transcript file for additional information){/usr/local/texlive/2015bas
ic/texmf-dist/fonts/enc/dvips/base/8r.enc}</usr/local/texlive/2015basic/texmf-d
ist/fonts/type1/urw/courier/ucrr8a.pfb></usr/local/texlive/2015basic/texmf-dist
/fonts/type1/urw/helvetic/uhvr8a.pfb></usr/local/texlive/2015basic/texmf-dist/f
onts/type1/urw/times/utmb8a.pfb></usr/local/texlive/2015basic/texmf-dist/fonts/
type1/urw/times/utmr8a.pfb></usr/local/texlive/2015basic/texmf-dist/fonts/type1
/urw/times/utmr8a.pfb></usr/local/texlive/2015basic/texmf-dist/fonts/type1/urw/
times/utmri8a.pfb>
Output written on Rd2.pdf (7 pages, 73970 bytes).
Transcript written on Rd2.log.
Saving output to 'ars-manual.pdf' ...
Done
You may want to clean up by 'rm -rf /var/folders/1_/5snzq4cn42d8r0f5bktsb2sw0000gn/T//RtmpgmIwZR/Rd2pdf460b1ce2302b'
